[15-04-2024 18:02:29] EvanZucchiatti a affecté un véhicule à une caserne.
[15-04-2024 18:02:29] ID du véhicule: FPT
[15-04-2024 18:02:29] Caserne: Carcassonne
[15-04-2024 18:02:29] Numéro du véhicule: 8
[15-04-2024 18:03:10] Evan Zucchiatti a affecté un véhicule à une caserne.
[15-04-2024 18:03:10] ID du véhicule: EPA
[15-04-2024 18:03:10] Caserne: Ouessant
[15-04-2024 18:03:10] Numéro du véhicule: 5
[15-04-2024 18:24:43] Evan Zucchiatti a affecté un véhicule à une caserne.
[15-04-2024 18:24:43] ID du véhicule: EPA
[15-04-2024 18:24:43] Caserne: Carcassonne
[15-04-2024 18:24:43] Numéro du véhicule: 5
[15-04-2024 18:25:22] Evan Zucchiatti a affecté un véhicule à une caserne.
[15-04-2024 18:25:22] ID du véhicule: EPA
[15-04-2024 18:25:22] Caserne: Carcassonne
[15-04-2024 18:25:22] Numéro du véhicule: 6
[16-04-2024 16:33:00] Evan Zucchiatti retirer un véhicule d'une caserne.
[16-04-2024 16:33:00] Le véhicule: EPA immatriculé EPA a était supprimé de la caserne 1
[16-04-2024 16:33:28] Evan Zucchiatti retirer un véhicule d'une caserne.
[16-04-2024 16:33:28] Le véhicule: EPA immatriculé EPA a était supprimé de la caserne 1
[16-04-2024 16:42:59] Evan Zucchiatti retirer un véhicule d'une caserne.
[16-04-2024 16:42:59] Le véhicule: EPA immatriculé EPA a était supprimé de la caserne 2
[16-04-2024 16:43:16] Evan Zucchiatti a affecté un véhicule à une caserne.
[16-04-2024 16:43:16] ID du véhicule: EPA
[16-04-2024 16:43:16] Caserne: Ouessant
[16-04-2024 16:43:16] Numéro du véhicule: 1
[16-04-2024 16:43:26] Evan Zucchiatti a affecté un véhicule à une caserne.
[16-04-2024 16:43:26] ID du véhicule: EPA
[16-04-2024 16:43:26] Caserne: Ouessant
[16-04-2024 16:43:26] Numéro du véhicule: 2
[18-04-2024 21:27:22] Evan Zucchiatti a affecté un véhicule à une caserne.
[18-04-2024 21:27:22] ID caserne: 4
[18-04-2024 21:27:22] Caserne: Toulouse
[18-04-2024 21:37:32] Evan Zucchiatti crée une caserne.
[18-04-2024 21:37:32] ID caserne: 5
[18-04-2024 21:37:32] Caserne: Paris
[18-04-2024 22:16:12] Nouvel utilisateur inscrit.
[18-04-2024 22:16:12] Matricule: 456152
[18-04-2024 22:16:12] Nom: Lennon
[18-04-2024 22:16:12] Prénom: John
[18-04-2024 22:16:12] Date de naissance: 2005-01-19
[18-04-2024 22:16:12] Sexe: masculin
[18-04-2024 22:16:12] Grade:capitaine
[18-04-2024 22:16:12] Téléphone: 0620063342
[18-04-2024 22:16:12] Caserne:Carcassonne
[18-04-2024 22:16:12] Type de pompier: Professionnel
[18-04-2024 22:32:58] Nouvel utilisateur inscrit.
[18-04-2024 22:32:58] Matricule: 789456
[18-04-2024 22:32:58] Nom: Disney
[18-04-2024 22:32:58] Prénom: Walt
[18-04-2024 22:32:58] Date de naissance: 2000-05-18
[18-04-2024 22:32:58] Sexe: masculin
[18-04-2024 22:32:58] Grade:sapeur 1ème Classe
[18-04-2024 22:32:58] Téléphone: 0620063342
[18-04-2024 22:32:58] Caserne:Toulouse
[18-04-2024 22:32:58] Type de pompier: Professionnel
[19-04-2024 16:57:03] Evan Zucchiatti a supprimé une caserne.
[19-04-2024 16:57:03] L'ID de la caserne a été supprimé.: 5
[19-04-2024 16:57:03] Nom de la caserne supprimé: Paris
[19-04-2024 17:23:43] Nouvel utilisateur inscrit.
[19-04-2024 17:23:43] Nom: Premier
[19-04-2024 17:23:43] Prénom: Utilisateur
[19-04-2024 17:23:43] Email: utilisateur@gmail.com
[19-04-2024 17:23:43] Type: utilisateur
